0 info it worked if it ends with ok
1 verbose cli [ '/home/nvm/.nvm/versions/node/v6.9.5/bin/node',
1 verbose cli   '/home/nvm/.nvm/versions/node/v6.9.5/bin/npm',
1 verbose cli   'prune' ]
2 info using npm@3.10.10
3 info using node@v6.9.5
4 verbose config Skipping project config: /app/.npmrc. (matches userconfig)
5 verbose stack Error: Invalid name: "A cool thing made with Gomix"
5 verbose stack     at ensureValidName (/home/nvm/.nvm/versions/node/v6.9.5/lib/node_modules/npm/node_modules/normalize-package-data/lib/fixer.js:336:15)
5 verbose stack     at Object.fixNameField (/home/nvm/.nvm/versions/node/v6.9.5/lib/node_modules/npm/node_modules/normalize-package-data/lib/fixer.js:215:5)
5 verbose stack     at /home/nvm/.nvm/versions/node/v6.9.5/lib/node_modules/npm/node_modules/normalize-package-data/lib/normalize.js:32:38
5 verbose stack     at Array.forEach (native)
5 verbose stack     at normalize (/home/nvm/.nvm/versions/node/v6.9.5/lib/node_modules/npm/node_modules/normalize-package-data/lib/normalize.js:31:15)
5 verbose stack     at final (/home/nvm/.nvm/versions/node/v6.9.5/lib/node_modules/npm/node_modules/read-package-json/read-json.js:349:5)
5 verbose stack     at then (/home/nvm/.nvm/versions/node/v6.9.5/lib/node_modules/npm/node_modules/read-package-json/read-json.js:124:5)
5 verbose stack     at /home/nvm/.nvm/versions/node/v6.9.5/lib/node_modules/npm/node_modules/read-package-json/read-json.js:311:12
5 verbose stack     at /home/nvm/.nvm/versions/node/v6.9.5/lib/node_modules/npm/node_modules/graceful-fs/graceful-fs.js:78:16
5 verbose stack     at tryToString (fs.js:455:3)
6 verbose cwd /app
7 error Linux 4.4.0-62-generic
8 error argv "/home/nvm/.nvm/versions/node/v6.9.5/bin/node" "/home/nvm/.nvm/versions/node/v6.9.5/bin/npm" "prune"
9 error node v6.9.5
10 error npm  v3.10.10
11 error Invalid name: "A cool thing made with Gomix"
12 error If you need help, you may report this error at:
12 error     <https://github.com/npm/npm/issues>
13 verbose exit [ 1, true ]
